[2022-03-05T16:25:30.052393-06:00] query_log.NOTICE: Write query executed {"query":"insert into courses (name, author, create_date) values ('High Performance PHP', 'Jonathan Klein', '03/29/2016')"} []
[2022-03-05T16:25:30.054875-06:00] query_log.INFO: Read query executed {"query":"select * from courses"} []
[2022-03-05T16:25:31.793420-06:00] query_log.NOTICE: Write query executed {"query":"insert into courses (name, author, create_date) values ('High Performance PHP', 'Jonathan Klein', '03/29/2016')"} []
[2022-03-05T16:25:31.794597-06:00] query_log.INFO: Read query executed {"query":"select * from courses"} []
[2022-03-05T16:25:40.651069-06:00] query_log.NOTICE: Write query executed {"query":"insert into courses (name, author, create_date) values ('High Performance PHP', 'Jonathan Klein', '03/29/2016')"} []
[2022-03-05T16:25:40.651306-06:00] query_log.INFO: Read query executed {"query":"select * from courses"} []
[2022-03-05T16:25:41.708879-06:00] query_log.NOTICE: Write query executed {"query":"insert into courses (name, author, create_date) values ('High Performance PHP', 'Jonathan Klein', '03/29/2016')"} []
[2022-03-05T16:25:41.709096-06:00] query_log.INFO: Read query executed {"query":"select * from courses"} []
[2022-03-08T19:08:18.924970-06:00] query_log.NOTICE: Write query executed {"query":"DELETE FROM courses"} []
[2022-03-08T19:08:18.958689-06:00] query_log.NOTICE: Write query executed {"query":"insert into courses (name, author, create_date) values ('High Performance PHP', 'Jonathan Klein', '03/29/2016')"} []
[2022-03-08T19:08:18.986851-06:00] query_log.NOTICE: Write query executed {"query":"insert into courses (name, author, create_date) values ('Composer: Getting Started', 'Jonathan Klein', '09/16/2016')"} []
[2022-03-08T19:08:18.996725-06:00] query_log.NOTICE: Write query executed {"query":"insert into courses (name, author, create_date) values ('PHP: The Big Picture', 'Jonathan Klein', '09/14/2020')"} []
[2022-03-08T19:08:18.996955-06:00] query_log.INFO: Read query executed {"query":"select * from courses"} []
[2022-03-08T19:26:04.452107-06:00] query_log.NOTICE: Write query executed {"query":"DELETE FROM courses"} []
[2022-03-08T19:26:04.457953-06:00] query_log.NOTICE: Write query executed {"query":"insert into courses (name, author, create_date) values ('High Performance PHP', 'Jonathan Klein', '03/29/2016')"} []
[2022-03-08T19:26:04.462561-06:00] query_log.NOTICE: Write query executed {"query":"insert into courses (name, author, create_date) values ('Composer: Getting Started', 'Jonathan Klein', '09/16/2016')"} []
[2022-03-08T19:26:04.468723-06:00] query_log.NOTICE: Write query executed {"query":"insert into courses (name, author, create_date) values ('PHP: The Big Picture', 'Jonathan Klein', '09/14/2020')"} []
[2022-03-08T19:26:04.468882-06:00] query_log.INFO: Read query executed {"query":"select * from courses"} []
[2022-03-08T19:26:14.395862-06:00] query_log.NOTICE: Write query executed {"query":"DELETE FROM courses"} []
[2022-03-08T19:26:14.405969-06:00] query_log.NOTICE: Write query executed {"query":"insert into courses (name, author, create_date) values ('High Performance PHP', 'Jonathan Klein', '03/29/2016')"} []
[2022-03-08T19:26:14.411816-06:00] query_log.NOTICE: Write query executed {"query":"insert into courses (name, author, create_date) values ('Composer: Getting Started', 'Jonathan Klein', '09/16/2016')"} []
[2022-03-08T19:26:14.422197-06:00] query_log.NOTICE: Write query executed {"query":"insert into courses (name, author, create_date) values ('PHP: The Big Picture', 'Jonathan Klein', '09/14/2020')"} []
[2022-03-08T19:26:14.422694-06:00] query_log.INFO: Read query executed {"query":"select * from courses"} []
[2022-03-08T19:30:38.700887-06:00] query_log.NOTICE: Write query executed {"query":"insert into courses (name, author, create_date)\n                                SELECT 'High Performance PHP', 'Jonathan Klein', '03/29/2016'\n                                WHERE NOT EXISTS\n                                (SELECT 1 FROM courses WHERE name = 'High Performance PHP')"} []
[2022-03-08T19:30:38.701505-06:00] query_log.NOTICE: Write query executed {"query":"insert into courses (name, author, create_date)\n                                SELECT 'Composer: Getting Started', 'Jonathan Klein', '09/16/2016'\n                                WHERE NOT EXISTS\n                                (SELECT 1 FROM courses WHERE name = 'Composer: Getting Started')"} []
[2022-03-08T19:30:38.701798-06:00] query_log.NOTICE: Write query executed {"query":"insert into courses (name, author, create_date)\n                                SELECT 'PHP: The Big Picture', 'Jonathan Klein', '09/14/2020'\n                                WHERE NOT EXISTS\n                                (SELECT 1 FROM courses WHERE name = 'PHP: The Big Picture')"} []
[2022-03-08T19:30:38.702069-06:00] query_log.INFO: Read query executed {"query":"select * from courses"} []
[2022-03-08T19:30:39.794217-06:00] query_log.NOTICE: Write query executed {"query":"insert into courses (name, author, create_date)\n                                SELECT 'High Performance PHP', 'Jonathan Klein', '03/29/2016'\n                                WHERE NOT EXISTS\n                                (SELECT 1 FROM courses WHERE name = 'High Performance PHP')"} []
[2022-03-08T19:30:39.796318-06:00] query_log.NOTICE: Write query executed {"query":"insert into courses (name, author, create_date)\n                                SELECT 'Composer: Getting Started', 'Jonathan Klein', '09/16/2016'\n                                WHERE NOT EXISTS\n                                (SELECT 1 FROM courses WHERE name = 'Composer: Getting Started')"} []
[2022-03-08T19:30:39.797294-06:00] query_log.NOTICE: Write query executed {"query":"insert into courses (name, author, create_date)\n                                SELECT 'PHP: The Big Picture', 'Jonathan Klein', '09/14/2020'\n                                WHERE NOT EXISTS\n                                (SELECT 1 FROM courses WHERE name = 'PHP: The Big Picture')"} []
[2022-03-08T19:30:39.798505-06:00] query_log.INFO: Read query executed {"query":"select * from courses"} []
[2022-03-08T19:30:40.670160-06:00] query_log.NOTICE: Write query executed {"query":"insert into courses (name, author, create_date)\n                                SELECT 'High Performance PHP', 'Jonathan Klein', '03/29/2016'\n                                WHERE NOT EXISTS\n                                (SELECT 1 FROM courses WHERE name = 'High Performance PHP')"} []
[2022-03-08T19:30:40.671546-06:00] query_log.NOTICE: Write query executed {"query":"insert into courses (name, author, create_date)\n                                SELECT 'Composer: Getting Started', 'Jonathan Klein', '09/16/2016'\n                                WHERE NOT EXISTS\n                                (SELECT 1 FROM courses WHERE name = 'Composer: Getting Started')"} []
[2022-03-08T19:30:40.672092-06:00] query_log.NOTICE: Write query executed {"query":"insert into courses (name, author, create_date)\n                                SELECT 'PHP: The Big Picture', 'Jonathan Klein', '09/14/2020'\n                                WHERE NOT EXISTS\n                                (SELECT 1 FROM courses WHERE name = 'PHP: The Big Picture')"} []
[2022-03-08T19:30:40.672497-06:00] query_log.INFO: Read query executed {"query":"select * from courses"} []
[2022-03-08T19:30:48.180063-06:00] query_log.NOTICE: Write query executed {"query":"insert into courses (name, author, create_date)\n                                SELECT 'High Performance PHP', 'Jonathan Klein', '03/29/2016'\n                                WHERE NOT EXISTS\n                                (SELECT 1 FROM courses WHERE name = 'High Performance PHP')"} []
[2022-03-08T19:30:48.182627-06:00] query_log.NOTICE: Write query executed {"query":"insert into courses (name, author, create_date)\n                                SELECT 'Composer: Getting Started', 'Jonathan Klein', '09/16/2016'\n                                WHERE NOT EXISTS\n                                (SELECT 1 FROM courses WHERE name = 'Composer: Getting Started')"} []
[2022-03-08T19:30:48.182912-06:00] query_log.NOTICE: Write query executed {"query":"insert into courses (name, author, create_date)\n                                SELECT 'PHP: The Big Picture', 'Jonathan Klein', '09/14/2020'\n                                WHERE NOT EXISTS\n                                (SELECT 1 FROM courses WHERE name = 'PHP: The Big Picture')"} []
[2022-03-08T19:30:48.183058-06:00] query_log.INFO: Read query executed {"query":"select * from courses"} []
[2022-03-09T20:59:14.138685-06:00] query_log.NOTICE: Write query executed {"query":"insert into courses (name, author, create_date)\n                                SELECT 'High Performance PHP', 'Jonathan Klein', '03/29/2016'\n                                WHERE NOT EXISTS\n                                (SELECT 1 FROM courses WHERE name = 'High Performance PHP')"} []
[2022-03-09T20:59:14.141900-06:00] query_log.NOTICE: Write query executed {"query":"insert into courses (name, author, create_date)\n                                SELECT 'Composer: Getting Started', 'Jonathan Klein', '09/16/2016'\n                                WHERE NOT EXISTS\n                                (SELECT 1 FROM courses WHERE name = 'Composer: Getting Started')"} []
[2022-03-09T20:59:14.142225-06:00] query_log.NOTICE: Write query executed {"query":"insert into courses (name, author, create_date)\n                                SELECT 'PHP: The Big Picture', 'Jonathan Klein', '09/14/2020'\n                                WHERE NOT EXISTS\n                                (SELECT 1 FROM courses WHERE name = 'PHP: The Big Picture')"} []
[2022-03-09T20:59:14.142479-06:00] query_log.INFO: Read query executed {"query":"select * from courses"} []
